 
****************************************
Report : power
        -cell
        -analysis_effort low
        -sort_mode cell_internal_power
Design : SIPISOALU_N32
Version: Z-2007.03-SP1
Date   : Wed May  2 14:41:20 2018
****************************************


Library(s) Used:

    NangateOpenCellLibrary (File: /home/mariagrazia.graziano/do/libnangate/NangateOpenCellLibrary_typical_ecsm.db)


Operating Conditions: typical   Library: NangateOpenCellLibrary
Wire Load Model Mode: top

Design        Wire Load Model            Library
------------------------------------------------
SIPISOALU_N32          5K_hvratio_1_1    NangateOpenCellLibrary


Global Operating Voltage = 1.1  
Power-specific unit information :
    Voltage Units = 1V
    Capacitance Units = 1.000000ff
    Time Units = 1ns
    Dynamic Power Units = 1uW    (derived from V,C,T units)
    Leakage Power Units = 1nW



  Attributes
  ----------
      h  -  Hierarchical cell

                        Cell      Driven Net  Tot Dynamic      Cell
                        Internal  Switching   Power            Leakage
Cell                    Power     Power       (% Cell/Tot)     Power      Attrs
--------------------------------------------------------------------------------
control                    6.4222       N/A        N/A (N/A)   1553.2013  h
add_87                     0.8565       N/A        N/A (N/A)   1573.0417  h
SIPO_reg[0]                0.8037    0.0339      0.838 (96%)     80.9385   
PIPO_reg[27]               0.7779    0.0182      0.796 (98%)     80.7631   
PIPO_reg[22]               0.7773    0.0179      0.795 (98%)     80.7421   
PIPO_reg[2]                0.7773    0.0179      0.795 (98%)     80.7351   
PIPO_reg[30]               0.7772    0.0181      0.795 (98%)     80.7521   
PIPO_reg[14]               0.7769    0.0192      0.796 (98%)     80.8467   
PIPO_reg[7]                0.7768    0.0183      0.795 (98%)     80.7762   
PIPO_reg[23]               0.7764    0.0184      0.795 (98%)     80.8010   
PIPO_reg[26]               0.7763    0.0179      0.794 (98%)     80.7678   
PIPO_reg[3]                0.7763    0.0189      0.795 (98%)     80.8655   
PIPO_reg[10]               0.7761    0.0185      0.795 (98%)     80.8145   
PIPO_reg[5]                0.7761    0.0185      0.795 (98%)     80.8125   
PIPO_reg[31]               0.7761    0.0187      0.795 (98%)     80.8365   
PIPO_reg[4]                0.7758    0.0180      0.794 (98%)     80.7587   
PIPO_reg[8]                0.7758    0.0183      0.794 (98%)     80.8138   
PIPO_reg[21]               0.7757    0.0177      0.793 (98%)     80.7410   
PIPO_reg[6]                0.7756    0.0187      0.794 (98%)     80.8209   
PIPO_reg[9]                0.7756    0.0178      0.793 (98%)     80.7709   
PIPO_reg[13]               0.7755    0.0178      0.793 (98%)     80.7882   
PIPO_reg[15]               0.7755    0.0177      0.793 (98%)     80.7708   
PIPO_reg[16]               0.7753    0.0181      0.793 (98%)     80.7986   
PIPO_reg[29]               0.7750    0.0176      0.793 (98%)     80.7665   
PIPO_reg[19]               0.7749    0.0180      0.793 (98%)     80.7900   
PIPO_reg[12]               0.7748    0.0178      0.793 (98%)     80.8012   
PIPO_reg[17]               0.7748    0.0180      0.793 (98%)     80.8152   
PIPO_reg[1]                0.7747    0.0175      0.792 (98%)     80.7561   
PIPO_reg[18]               0.7747    0.0179      0.793 (98%)     80.7366   
PIPO_reg[25]               0.7746    0.0180      0.793 (98%)     80.8002   
PIPO_reg[24]               0.7746    0.0181      0.793 (98%)     80.8241   
PIPO_reg[20]               0.7742    0.0180      0.792 (98%)     80.8188   
PIPO_reg[11]               0.7741    0.0178      0.792 (98%)     80.8004   
PIPO_reg[28]               0.7739    0.0173      0.791 (98%)     80.7466   
PIPO_reg[0]                0.7733    0.0179      0.791 (98%)     80.8143   
SIPO_reg[1]                0.7630    0.0174      0.780 (98%)     80.2653   
SIPO_reg[2]                0.7400 8.962e-03      0.749 (99%)     79.8844   
SIPO_reg[3]                0.7264 3.651e-03      0.730 (99%)     79.5875   
SIPO_reg[4]                0.7225 2.121e-03      0.725 (100%)    79.4870   
SIPO_reg[5]                0.7206 1.140e-03      0.722 (100%)    79.4373   
PISO_reg[0]                0.7190 1.606e-04      0.719 (100%)    79.3948   
PISO_reg[10]               0.7188 3.158e-04      0.719 (100%)    79.3867   
SIPO_reg[6]                0.7188 5.624e-04      0.719 (100%)    79.4086   
PISO_reg[20]               0.7188 2.871e-04      0.719 (100%)    79.3806   
PISO_reg[7]                0.7188 2.871e-04      0.719 (100%)    79.3854   
PISO_reg[23]               0.7188 2.871e-04      0.719 (100%)    79.3846   
PISO_reg[28]               0.7186 2.584e-04      0.719 (100%)    79.3837   
PISO_reg[21]               0.7186 2.584e-04      0.719 (100%)    79.3840   
PISO_reg[5]                0.7186 2.728e-04      0.719 (100%)    79.3803   
PISO_reg[9]                0.7186 2.584e-04      0.719 (100%)    79.3861   
PISO_reg[17]               0.7186 2.584e-04      0.719 (100%)    79.3816   
PISO_reg[13]               0.7186 2.871e-04      0.719 (100%)    79.3851   
PISO_reg[1]                0.7186 2.440e-04      0.719 (100%)    79.3805   
PISO_reg[8]                0.7186 2.584e-04      0.719 (100%)    79.3814   
PISO_reg[22]               0.7185 2.584e-04      0.719 (100%)    79.3828   
PISO_reg[16]               0.7185 2.584e-04      0.719 (100%)    79.3851   
PISO_reg[2]                0.7185 2.584e-04      0.719 (100%)    79.3802   
PISO_reg[3]                0.7185 2.584e-04      0.719 (100%)    79.3794   
PISO_reg[26]               0.7185 2.440e-04      0.719 (100%)    79.3852   
PISO_reg[18]               0.7185 2.440e-04      0.719 (100%)    79.3809   
PISO_reg[25]               0.7185 2.584e-04      0.719 (100%)    79.3889   
PISO_reg[29]               0.7185 2.440e-04      0.719 (100%)    79.3800   
PISO_reg[6]                0.7185 2.440e-04      0.719 (100%)    79.3820   
PISO_reg[24]               0.7185 2.440e-04      0.719 (100%)    79.3871   
PISO_reg[14]               0.7185 2.154e-04      0.719 (100%)    79.3835   
SIPO_reg[7]                0.7184 3.892e-04      0.719 (100%)    79.3937   
PISO_reg[19]               0.7184 2.154e-04      0.719 (100%)    79.3792   
PISO_reg[4]                0.7184 2.154e-04      0.719 (100%)    79.3814   
PISO_reg[27]               0.7184 2.440e-04      0.719 (100%)    79.3830   
PISO_reg[15]               0.7183 2.584e-04      0.719 (100%)    79.3856   
PISO_reg[30]               0.7183 2.154e-04      0.719 (100%)    79.3760   
PISO_reg[11]               0.7183 2.297e-04      0.719 (100%)    79.3853   
PISO_reg[31]               0.7183 1.885e-04      0.718 (100%)    79.3740   
PISO_reg[12]               0.7183 2.297e-04      0.719 (100%)    79.3883   
SIPO_reg[8]                0.7182 3.026e-04      0.718 (100%)    79.3894   
SIPO_reg[11]               0.7181 2.738e-04      0.718 (100%)    79.3857   
SIPO_reg[10]               0.7181 2.738e-04      0.718 (100%)    79.3865   
SIPO_reg[12]               0.7181 2.449e-04      0.718 (100%)    79.3850   
SIPO_reg[9]                0.7181 2.738e-04      0.718 (100%)    79.3873   
SIPO_reg[13]               0.7181 2.449e-04      0.718 (100%)    79.3846   
SIPO_reg[15]               0.7181 2.449e-04      0.718 (100%)    79.3846   
SIPO_reg[23]               0.7181 2.449e-04      0.718 (100%)    79.3846   
SIPO_reg[24]               0.7181 2.449e-04      0.718 (100%)    79.3846   
SIPO_reg[26]               0.7181 2.449e-04      0.718 (100%)    79.3846   
SIPO_reg[19]               0.7181 2.449e-04      0.718 (100%)    79.3846   
SIPO_reg[14]               0.7181 2.449e-04      0.718 (100%)    79.3846   
SIPO_reg[18]               0.7181 2.449e-04      0.718 (100%)    79.3846   
SIPO_reg[22]               0.7181 2.449e-04      0.718 (100%)    79.3846   
SIPO_reg[29]               0.7181 2.449e-04      0.718 (100%)    79.3846   
SIPO_reg[27]               0.7181 2.449e-04      0.718 (100%)    79.3846   
SIPO_reg[28]               0.7181 2.449e-04      0.718 (100%)    79.3846   
SIPO_reg[30]               0.7181 1.841e-04      0.718 (100%)    79.3846   
SIPO_reg[16]               0.7181 2.449e-04      0.718 (100%)    79.3846   
SIPO_reg[17]               0.7181 2.449e-04      0.718 (100%)    79.3846   
SIPO_reg[20]               0.7181 2.449e-04      0.718 (100%)    79.3846   
SIPO_reg[21]               0.7181 2.449e-04      0.718 (100%)    79.3846   
SIPO_reg[25]               0.7181 2.449e-04      0.718 (100%)    79.3846   
U799                       0.1302    1.5936      1.724 (8%)      11.2141   
U800                       0.1301    1.6238      1.754 (7%)      11.2141   
U798                       0.1135    1.5936      1.707 (7%)      11.2141   
U624                       0.0936    2.3999      2.494 (4%)      28.7064   
U628                       0.0453    0.1312      0.177 (26%)     10.1565   
U632                       0.0341    0.3171      0.351 (10%)     12.4819   
U801                       0.0340    0.2685      0.302 (11%)     12.4819   
U629                       0.0339    0.2548      0.289 (12%)     12.4819   
U630                       0.0339    0.2548      0.289 (12%)     12.4819   
U631                       0.0339    0.2502      0.284 (12%)     12.4819   
U732                       0.0295    0.0175   4.70e-02 (63%)     15.1733   
U731                       0.0270    0.0126   3.96e-02 (68%)     36.2614   
U770                       0.0190 9.279e-03   2.83e-02 (67%)     36.7009   
U788                       0.0190 9.258e-03   2.83e-02 (67%)     36.7068   
U747                       0.0190 9.229e-03   2.82e-02 (67%)     36.7159   
U760                       0.0190 9.229e-03   2.82e-02 (67%)     36.6969   
U790                       0.0189 9.216e-03   2.81e-02 (67%)     36.7160   
U774                       0.0188 9.163e-03   2.80e-02 (67%)     36.6868   
U784                       0.0188 9.176e-03   2.80e-02 (67%)     36.7030   
U733                       0.0188 9.144e-03   2.80e-02 (67%)     36.7193   
U754                       0.0188 9.157e-03   2.79e-02 (67%)     36.7173   
U794                       0.0188 9.149e-03   2.79e-02 (67%)     36.7286   
U778                       0.0188 9.176e-03   2.79e-02 (67%)     36.6833   
U756                       0.0188 9.168e-03   2.79e-02 (67%)     36.6601   
U782                       0.0188 9.133e-03   2.79e-02 (67%)     36.6922   
U737                       0.0188 9.125e-03   2.79e-02 (67%)     36.7251   
U776                       0.0187 9.112e-03   2.78e-02 (67%)     36.7273   
U796                       0.0187 9.123e-03   2.78e-02 (67%)     36.7170   
U739                       0.0187 9.075e-03   2.77e-02 (67%)     36.6872   
U735                       0.0187 9.064e-03   2.77e-02 (67%)     36.6777   
U745                       0.0186 9.062e-03   2.77e-02 (67%)     36.6918   
U766                       0.0186 9.088e-03   2.77e-02 (67%)     36.6990   
U771                       0.0186    0.0131   3.18e-02 (59%)      6.2563   
U752                       0.0186 9.056e-03   2.77e-02 (67%)     36.7426   
U768                       0.0186 9.056e-03   2.76e-02 (67%)     36.7284   
U792                       0.0185 8.998e-03   2.75e-02 (67%)     36.7450   
U786                       0.0185 9.011e-03   2.75e-02 (67%)     36.7102   
U758                       0.0185 9.030e-03   2.75e-02 (67%)     36.7324   
U789                       0.0185    0.0131   3.16e-02 (59%)      6.2563   
U761                       0.0185    0.0131   3.15e-02 (59%)      6.2563   
U791                       0.0185    0.0131   3.15e-02 (59%)      6.2563   
U762                       0.0185 9.035e-03   2.75e-02 (67%)     36.6990   
U743                       0.0185 9.001e-03   2.75e-02 (67%)     36.7075   
U764                       0.0185 9.006e-03   2.75e-02 (67%)     36.7250   
U780                       0.0185 8.977e-03   2.74e-02 (67%)     36.7226   
U775                       0.0184    0.0130   3.14e-02 (59%)      6.2563   
U779                       0.0184    0.0130   3.14e-02 (59%)      6.2563   
U785                       0.0184    0.0130   3.14e-02 (59%)      6.2563   
U783                       0.0183    0.0130   3.13e-02 (59%)      6.2563   
U748                       0.0183    0.0130   3.13e-02 (59%)      6.2563   
U757                       0.0183    0.0129   3.13e-02 (59%)      6.2563   
U777                       0.0183    0.0129   3.13e-02 (59%)      6.2563   
U795                       0.0183    0.0129   3.13e-02 (59%)      6.2563   
U772                       0.0183 8.932e-03   2.73e-02 (67%)     36.7172   
U740                       0.0183    0.0130   3.13e-02 (59%)      6.2563   
U736                       0.0183    0.0128   3.11e-02 (59%)     14.7319   
U738                       0.0182    0.0129   3.12e-02 (59%)      6.2563   
U755                       0.0182    0.0129   3.11e-02 (59%)      6.2563   
U797                       0.0182    0.0128   3.11e-02 (59%)      6.2563   
U750                       0.0182 8.855e-03   2.71e-02 (67%)     36.6893   
U763                       0.0182    0.0128   3.10e-02 (59%)      6.2563   
U734                       0.0182    0.0129   3.11e-02 (59%)      6.2563   
U767                       0.0182    0.0128   3.10e-02 (59%)      6.2563   
U787                       0.0181    0.0128   3.09e-02 (59%)      6.2563   
U769                       0.0181    0.0128   3.09e-02 (59%)      6.2563   
U753                       0.0181    0.0128   3.09e-02 (59%)      6.2563   
U741                       0.0181 8.807e-03   2.69e-02 (67%)     36.7730   
U759                       0.0181    0.0127   3.08e-02 (59%)      6.2563   
U746                       0.0181    0.0128   3.09e-02 (59%)      6.2563   
U781                       0.0180    0.0127   3.08e-02 (59%)      6.2563   
U773                       0.0180    0.0127   3.07e-02 (59%)      6.2563   
U793                       0.0180    0.0127   3.07e-02 (59%)      6.2563   
U635                       0.0180    0.6262      0.644 (3%)      11.4515   
U744                       0.0179    0.0127   3.06e-02 (59%)      6.2563   
U765                       0.0179    0.0126   3.06e-02 (59%)      6.2563   
U751                       0.0178    0.0126   3.04e-02 (59%)      6.2563   
U742                       0.0175    0.0124   3.00e-02 (59%)      6.2563   
U625                       0.0166    0.6434      0.660 (3%)      17.2548   
U730                       0.0149 5.987e-03   2.09e-02 (71%)     46.8087   
U729                    7.515e-03 2.998e-03   1.05e-02 (71%)     47.4317   
U728                    3.004e-03 1.200e-03   4.20e-03 (71%)     47.8556   
U727                    1.464e-03 5.788e-04   2.04e-03 (72%)     48.0600   
U726                    8.702e-04 3.452e-04   1.22e-03 (72%)     48.1498   
U749                    5.856e-04 1.936e-03   2.52e-03 (23%)     28.5573   
U696                    4.248e-04 7.192e-03   7.62e-03 (6%)      12.7580   
U725                    4.066e-04 1.593e-04   5.66e-04 (72%)     48.1931   
U699                    3.643e-04 1.646e-04   5.29e-04 (69%)     66.8497   
U662                    3.594e-04 1.274e-04   4.87e-04 (74%)     64.5103   
U694                    3.415e-04 1.221e-04   4.64e-04 (74%)     64.5124   
U633                    3.367e-04 4.872e-04   8.24e-04 (41%)     10.1117   
U658                    3.291e-04 1.168e-04   4.46e-04 (74%)     64.5096   
U664                    3.261e-04 1.168e-04   4.43e-04 (74%)     64.5099   
U646                    3.166e-04 1.115e-04   4.28e-04 (74%)     64.5106   
U682                    3.143e-04 1.115e-04   4.26e-04 (74%)     64.5151   
U652                    2.982e-04 1.062e-04   4.04e-04 (74%)     64.5115   
U672                    2.853e-04 1.009e-04   3.86e-04 (74%)     64.5111   
U640                    2.838e-04 1.009e-04   3.85e-04 (74%)     64.5108   
U638                    2.834e-04 1.009e-04   3.84e-04 (74%)     64.5110   
U676                    2.827e-04 1.009e-04   3.84e-04 (74%)     64.5134   
U690                    2.807e-04 1.009e-04   3.82e-04 (74%)     64.5138   
U654                    2.804e-04 1.009e-04   3.81e-04 (74%)     64.5149   
U642                    2.695e-04 9.558e-05   3.65e-04 (74%)     64.5114   
U648                    2.686e-04 9.558e-05   3.64e-04 (74%)     64.5149   
U668                    2.684e-04 9.558e-05   3.64e-04 (74%)     64.5130   
U678                    2.668e-04 9.558e-05   3.62e-04 (74%)     64.5143   
U656                    2.656e-04 9.558e-05   3.61e-04 (74%)     64.5145   
U650                    2.654e-04 9.558e-05   3.61e-04 (74%)     64.5173   
U660                    2.642e-04 9.558e-05   3.60e-04 (73%)     64.5139   
U684                    2.642e-04 9.558e-05   3.60e-04 (73%)     64.5172   
U692                    2.637e-04 9.558e-05   3.59e-04 (73%)     64.5156   
U670                    2.534e-04 9.027e-05   3.44e-04 (74%)     64.5112   
U680                    2.527e-04 9.027e-05   3.43e-04 (74%)     64.5148   
U674                    2.360e-04 8.496e-05   3.21e-04 (74%)     64.5136   
U686                    2.360e-04 8.496e-05   3.21e-04 (74%)     64.5145   
U700                    2.354e-04 1.648e-04   4.00e-04 (59%)      3.8169   
U688                    2.330e-04 8.496e-05   3.18e-04 (73%)     64.5178   
U644                    2.209e-04 7.965e-05   3.01e-04 (74%)     64.5149   
U724                    2.208e-04 8.496e-05   3.06e-04 (72%)     48.2170   
U666                    2.190e-04 7.965e-05   2.99e-04 (73%)     64.5150   
U626                    1.922e-04 4.478e-03   4.67e-03 (4%)      18.5947   
U627                    1.792e-04 1.132e-03   1.31e-03 (14%)      9.6668   
U647                    1.718e-04 1.218e-04   2.94e-04 (59%)      3.5326   
U659                    1.689e-04 1.146e-04   2.84e-04 (60%)      3.5338   
U636                    1.620e-04 5.841e-05   2.20e-04 (74%)     64.5198   
U697                    1.616e-04 6.372e-05   2.25e-04 (72%)     34.9490   
U653                    1.592e-04 1.075e-04   2.67e-04 (60%)      3.5344   
U671                    1.587e-04 1.075e-04   2.66e-04 (60%)      3.5335   
U723                    1.529e-04 5.841e-05   2.11e-04 (72%)     48.2264   
U665                    1.514e-04 1.075e-04   2.59e-04 (58%)      3.5342   
U663                    1.513e-04 1.075e-04   2.59e-04 (58%)      3.5331   
U641                    1.483e-04 1.003e-04   2.49e-04 (60%)      3.5339   
U643                    1.411e-04 1.003e-04   2.41e-04 (58%)      3.5329   
U695                    1.407e-04 1.003e-04   2.41e-04 (58%)      3.5335   
U677                    1.375e-04 9.313e-05   2.31e-04 (60%)      3.5338   
U649                    1.375e-04 9.313e-05   2.31e-04 (60%)      3.5330   
U673                    1.373e-04 9.313e-05   2.30e-04 (60%)      3.5351   
U683                    1.358e-04 1.003e-04   2.36e-04 (58%)      3.5571   
U639                    1.317e-04 9.313e-05   2.25e-04 (59%)      3.5345   
U679                    1.272e-04 8.596e-05   2.13e-04 (60%)      3.5342   
U669                    1.271e-04 8.596e-05   2.13e-04 (60%)      3.5337   
U698                    1.268e-04 8.776e-05   2.15e-04 (59%)      3.5347   
U681                    1.264e-04 8.596e-05   2.12e-04 (60%)      3.5325   
U722                    1.261e-04 4.779e-05   1.74e-04 (73%)     48.2299   
U721                    1.261e-04 4.779e-05   1.74e-04 (73%)     48.2316   
U719                    1.256e-04 4.779e-05   1.73e-04 (72%)     48.2344   
U720                    1.256e-04 4.779e-05   1.73e-04 (72%)     48.2330   
U691                    1.201e-04 8.596e-05   2.06e-04 (58%)      3.5350   
U675                    1.163e-04 7.880e-05   1.95e-04 (60%)      3.5330   
U655                    1.159e-04 7.880e-05   1.95e-04 (60%)      3.5323   
U657                    1.157e-04 7.880e-05   1.94e-04 (59%)      3.5321   
U634                    1.155e-04 1.992e-03   2.11e-03 (5%)       4.1425   
U704                    1.121e-04 4.248e-05   1.55e-04 (73%)     48.2347   
U706                    1.121e-04 4.248e-05   1.55e-04 (73%)     48.2347   
U708                    1.121e-04 4.248e-05   1.55e-04 (73%)     48.2347   
U709                    1.121e-04 4.248e-05   1.55e-04 (73%)     48.2347   
U710                    1.121e-04 4.248e-05   1.55e-04 (73%)     48.2347   
U711                    1.121e-04 4.248e-05   1.55e-04 (73%)     48.2347   
U713                    1.121e-04 4.248e-05   1.55e-04 (73%)     48.2347   
U714                    1.121e-04 4.248e-05   1.55e-04 (73%)     48.2347   
U715                    1.121e-04 4.248e-05   1.55e-04 (73%)     48.2347   
U716                    1.121e-04 4.248e-05   1.55e-04 (73%)     48.2347   
U718                    1.121e-04 4.248e-05   1.55e-04 (73%)     48.2347   
U712                    1.109e-04 4.248e-05   1.53e-04 (72%)     48.2347   
U717                    1.109e-04 4.248e-05   1.53e-04 (72%)     48.2347   
U687                    1.096e-04 7.880e-05   1.88e-04 (58%)      3.5418   
U707                    1.074e-04 4.248e-05   1.50e-04 (72%)     48.2347   
U701                    1.068e-04 4.248e-05   1.49e-04 (72%)     48.2347   
U702                    1.056e-04 4.248e-05   1.48e-04 (71%)     48.2347   
U703                    1.056e-04 4.248e-05   1.48e-04 (71%)     48.2347   
U705                    1.056e-04 4.248e-05   1.48e-04 (71%)     48.2347   
U645                    1.052e-04 7.164e-05   1.77e-04 (59%)      3.5326   
U661                    1.008e-04 7.164e-05   1.72e-04 (58%)      3.5341   
U685                    9.798e-05 7.164e-05   1.70e-04 (58%)      3.5459   
U651                    9.520e-05 6.447e-05   1.60e-04 (60%)      3.5336   
U693                    9.050e-05 6.447e-05   1.55e-04 (58%)      3.5350   
U637                    9.039e-05 6.447e-05   1.55e-04 (58%)      3.5325   
U667                    8.095e-05 5.731e-05   1.38e-04 (59%)      3.5339   
U689                    6.978e-05 5.014e-05   1.20e-04 (58%)      3.5355   
--------------------------------------------------------------------------------
Totals (275 cells)        79.519uW     N/A         N/A (N/A)     15.993uW
1
