Loading db file '/home/mariagrazia.graziano/do/libnangate/NangateOpenCellLibrary_typical_ecsm.db'
Information: Updating design information... (UID-85)
Information: Propagating switching activity (low effort zero delay simulation). (PWR-6)
Warning: Design has unannotated primary inputs. (PWR-414)
Warning: Design has unannotated sequential cell outputs. (PWR-415)
 
****************************************
Report : power
        -analysis_effort low
Design : SIPISOALU_N32
Version: Z-2007.03-SP1
Date   : Wed May  2 14:41:06 2018
****************************************


Library(s) Used:

    NangateOpenCellLibrary (File: /home/mariagrazia.graziano/do/libnangate/NangateOpenCellLibrary_typical_ecsm.db)


Operating Conditions: typical   Library: NangateOpenCellLibrary
Wire Load Model Mode: top

Design        Wire Load Model            Library
------------------------------------------------
SIPISOALU_N32          5K_hvratio_1_1    NangateOpenCellLibrary


Global Operating Voltage = 1.1  
Power-specific unit information :
    Voltage Units = 1V
    Capacitance Units = 1.000000ff
    Time Units = 1ns
    Dynamic Power Units = 1uW    (derived from V,C,T units)
    Leakage Power Units = 1nW


  Cell Internal Power  =  80.5546 uW   (84%)
  Net Switching Power  =  14.8182 uW   (16%)
                         ---------
Total Dynamic Power    =  95.3728 uW  (100%)

Cell Leakage Power     =  16.3966 uW

1
