 
****************************************
Report : power
        -net
        -analysis_effort low
        -sort_mode net_switching_power
Design : SIPISOALU_N32
Version: Z-2007.03-SP1
Date   : Wed May  2 14:41:20 2018
****************************************


Library(s) Used:

    NangateOpenCellLibrary (File: /home/mariagrazia.graziano/do/libnangate/NangateOpenCellLibrary_typical_ecsm.db)


Operating Conditions: typical   Library: NangateOpenCellLibrary
Wire Load Model Mode: top

Design        Wire Load Model            Library
------------------------------------------------
SIPISOALU_N32          5K_hvratio_1_1    NangateOpenCellLibrary


Global Operating Voltage = 1.1  
Power-specific unit information :
    Voltage Units = 1V
    Capacitance Units = 1.000000ff
    Time Units = 1ns
    Dynamic Power Units = 1uW    (derived from V,C,T units)
    Leakage Power Units = 1nW



  Attributes
  ----------
      a  -  Switching activity information annotated on net
      d  -  Default switching activity information on net

                             Total      Static   Toggle   Switching
Net                          Net Load   Prob.    Rate     Power      Attrs
--------------------------------------------------------------------------------
n639                          79.337    0.500    0.0500      2.3999  d
n859                          53.680    0.500    0.0500      1.6238  d
n857                          52.681    0.500    0.0500      1.5936  d
n858                          52.681    0.500    0.0500      1.5936  d
n865                          60.090    0.159    0.0177      0.6434  
n867                          58.486    0.841    0.0177      0.6262  
n863                          31.922    0.091    0.0164      0.3171  
n864                          27.031    0.091    0.0164      0.2685  
n860                          25.653    0.091    0.0164      0.2548  
n861                          25.653    0.091    0.0164      0.2548  
n862                          25.191    0.091    0.0164      0.2502  
EA                            14.653    0.159    0.0177      0.1569  
n866                          12.253    0.841    0.0177      0.1312  
LDB                           10.495    0.091    0.0164      0.1042  
SUM[0]                         1.909    0.504    0.0522      0.0603  
n520                           4.032    0.951    0.0072      0.0175  
n724                           1.980    0.920    0.0146      0.0175  
SIPO[0]                        3.782    0.049    0.0072      0.0164  
SUM[1]                         1.909    0.083    0.0130      0.0150  
n747                           1.980    0.954    0.0110      0.0131  
n731                           1.980    0.954    0.0109      0.0131  
n730                           1.980    0.954    0.0109      0.0131  
n752                           1.980    0.954    0.0109      0.0131  
n745                           1.980    0.954    0.0109      0.0130  
n735                           1.980    0.954    0.0109      0.0130  
n743                           1.980    0.954    0.0108      0.0130  
n733                           1.980    0.954    0.0108      0.0130  
n740                           1.980    0.954    0.0108      0.0130  
n734                           1.980    0.954    0.0108      0.0130  
n728                           1.980    0.955    0.0108      0.0129  
n741                           1.980    0.955    0.0108      0.0129  
n744                           1.980    0.955    0.0108      0.0129  
n754                           1.980    0.953    0.0108      0.0129  
PIPO[14]                       4.055    0.047    0.0053      0.0129  
n742                           1.980    0.955    0.0108      0.0129  
n755                           1.980    0.954    0.0107      0.0129  
n727                           1.980    0.954    0.0107      0.0128  
n726                           1.980    0.953    0.0107      0.0128  
n751                           1.980    0.954    0.0107      0.0128  
n749                           1.980    0.954    0.0107      0.0128  
n737                           1.980    0.954    0.0107      0.0128  
n732                           1.980    0.954    0.0107      0.0128  
n748                           1.980    0.955    0.0107      0.0128  
n756                           1.980    0.955    0.0107      0.0128  
n753                           1.980    0.955    0.0106      0.0127  
n736                           1.980    0.955    0.0106      0.0127  
n729                           1.980    0.955    0.0106      0.0127  
n738                           1.980    0.954    0.0106      0.0127  
n746                           1.980    0.955    0.0106      0.0127  
PIPO[3]                        4.055    0.047    0.0052      0.0127  
n750                           1.980    0.955    0.0106      0.0126  
n324                           1.438    0.087    0.0145      0.0126  
PIPO[31]                       4.055    0.046    0.0051      0.0126  
n757                           1.980    0.954    0.0105      0.0126  
PIPO[6]                        4.055    0.046    0.0051      0.0126  
PIPO[5]                        4.055    0.045    0.0051      0.0124  
PIPO[10]                       4.055    0.045    0.0051      0.0124  
n739                           1.980    0.956    0.0104      0.0124  
PIPO[23]                       4.055    0.045    0.0050      0.0124  
PIPO[8]                        4.055    0.045    0.0050      0.0123  
PIPO[7]                        4.055    0.044    0.0050      0.0123  
PIPO[27]                       4.055    0.043    0.0050      0.0122  
PIPO[30]                       4.055    0.043    0.0050      0.0122  
PIPO[16]                       4.055    0.045    0.0050      0.0122  
PIPO[24]                       4.055    0.046    0.0049      0.0121  
PIPO[17]                       4.055    0.045    0.0049      0.0121  
PIPO[4]                        4.055    0.043    0.0049      0.0121  
PIPO[25]                       4.055    0.045    0.0049      0.0121  
PIPO[19]                       4.055    0.044    0.0049      0.0121  
PIPO[20]                       4.055    0.046    0.0049      0.0121  
PIPO[2]                        4.055    0.042    0.0049      0.0120  
PIPO[22]                       4.055    0.042    0.0049      0.0120  
PIPO[18]                       4.055    0.043    0.0049      0.0120  
PIPO[0]                        4.028    0.046    0.0049      0.0120  
PIPO[12]                       4.055    0.045    0.0049      0.0120  
PIPO[13]                       4.055    0.044    0.0049      0.0120  
PIPO[26]                       4.055    0.043    0.0049      0.0120  
PIPO[11]                       4.055    0.045    0.0049      0.0120  
PIPO[9]                        4.055    0.043    0.0049      0.0120  
PIPO[15]                       4.055    0.043    0.0049      0.0119  
PIPO[21]                       4.055    0.042    0.0049      0.0119  
PIPO[29]                       4.055    0.043    0.0048      0.0118  
PIPO[1]                        4.055    0.043    0.0048      0.0118  
PIPO[28]                       4.055    0.043    0.0047      0.0116  
SUM[2]                         1.909    0.064    0.0093      0.0107  
n271                           1.438    0.079    0.0107      0.0093  
n287                           1.438    0.077    0.0106      0.0093  
n266                           1.438    0.079    0.0106      0.0092  
n283                           1.438    0.076    0.0106      0.0092  
n288                           1.438    0.077    0.0106      0.0092  
n275                           1.438    0.081    0.0105      0.0092  
n285                           1.438    0.080    0.0105      0.0092  
n264                           1.438    0.082    0.0105      0.0092  
n273                           1.438    0.079    0.0105      0.0092  
n263                           1.438    0.076    0.0105      0.0092  
n290                           1.438    0.077    0.0105      0.0091  
n276                           1.438    0.077    0.0105      0.0091  
n284                           1.438    0.079    0.0105      0.0091  
n277                           1.438    0.079    0.0105      0.0091  
n291                           1.438    0.076    0.0105      0.0091  
n274                           1.438    0.078    0.0105      0.0091  
n269                           1.438    0.079    0.0104      0.0091  
n278                           1.438    0.079    0.0104      0.0091  
n292                           1.438    0.080    0.0104      0.0091  
n281                           1.438    0.079    0.0104      0.0091  
n262                           1.438    0.076    0.0104      0.0091  
n270                           1.438    0.077    0.0104      0.0091  
n267                           1.438    0.079    0.0104      0.0090  
n265                           1.438    0.076    0.0104      0.0090  
n286                           1.438    0.078    0.0104      0.0090  
n268                           1.438    0.078    0.0104      0.0090  
n280                           1.438    0.078    0.0103      0.0090  
n519                           4.035    0.973    0.0037      0.0090  
n289                           1.438    0.076    0.0103      0.0090  
n282                           1.438    0.076    0.0103      0.0090  
n272                           1.438    0.079    0.0103      0.0089  
n261                           1.438    0.079    0.0102      0.0089  
n279                           1.438    0.075    0.0101      0.0088  
SIPO[1]                        3.782    0.027    0.0037      0.0084  
SUM[3]                         1.909    0.058    0.0073      0.0084  
n856                          59.018    0.002    0.0002      0.0072  
SUM[4]                         1.909    0.047    0.0059      0.0068  
SUM[5]                         1.909    0.047    0.0056      0.0065  
n472                           1.972    0.953    0.0053      0.0063  
SUM[6]                         1.909    0.047    0.0054      0.0062  
n461                           1.972    0.953    0.0052      0.0062  
n464                           1.972    0.954    0.0051      0.0061  
n489                           1.972    0.954    0.0051      0.0061  
n463                           1.972    0.954    0.0051      0.0061  
SUM[14]                        1.909    0.047    0.0053      0.0061  
n468                           1.972    0.954    0.0051      0.0061  
n481                           1.972    0.955    0.0050      0.0060  
n465                           1.972    0.956    0.0050      0.0060  
n466                           1.972    0.955    0.0050      0.0060  
n322                           1.438    0.049    0.0069      0.0060  
n485                           1.972    0.957    0.0050      0.0060  
SUM[31]                        1.909    0.046    0.0051      0.0059  
n482                           1.972    0.954    0.0050      0.0059  
n488                           1.972    0.957    0.0050      0.0059  
n474                           1.972    0.955    0.0050      0.0059  
n483                           1.972    0.955    0.0050      0.0059  
SUM[7]                         1.909    0.044    0.0051      0.0059  
n475                           1.972    0.955    0.0050      0.0059  
n477                           1.972    0.955    0.0050      0.0059  
n462                           1.972    0.957    0.0049      0.0059  
n478                           1.972    0.954    0.0049      0.0059  
SUM[8]                         1.909    0.045    0.0051      0.0059  
n458                           1.972    0.954    0.0049      0.0059  
SUM[10]                        1.909    0.045    0.0051      0.0059  
n484                           1.972    0.957    0.0049      0.0059  
n476                           1.972    0.957    0.0049      0.0059  
n480                           1.972    0.958    0.0049      0.0059  
n467                           1.972    0.956    0.0049      0.0058  
n471                           1.972    0.956    0.0049      0.0058  
n460                           1.972    0.958    0.0049      0.0058  
n469                           1.972    0.955    0.0049      0.0058  
n470                           1.972    0.955    0.0049      0.0058  
SUM[23]                        1.909    0.045    0.0050      0.0058  
n473                           1.972    0.956    0.0049      0.0058  
n479                           1.972    0.958    0.0049      0.0058  
n487                           1.972    0.957    0.0048      0.0058  
SUM[27]                        1.909    0.043    0.0050      0.0057  
SUM[30]                        1.909    0.043    0.0050      0.0057  
n459                           1.972    0.957    0.0048      0.0057  
SUM[16]                        1.909    0.045    0.0050      0.0057  
SUM[17]                        1.909    0.045    0.0049      0.0057  
SUM[24]                        1.909    0.046    0.0049      0.0057  
SUM[25]                        1.909    0.045    0.0049      0.0057  
SUM[19]                        1.909    0.044    0.0049      0.0057  
SUM[20]                        1.909    0.046    0.0049      0.0057  
n486                           1.972    0.957    0.0048      0.0057  
SUM[9]                         1.909    0.044    0.0049      0.0057  
SUM[11]                        1.909    0.045    0.0049      0.0057  
SUM[22]                        1.909    0.042    0.0049      0.0057  
SUM[12]                        1.909    0.045    0.0049      0.0056  
SUM[18]                        1.909    0.043    0.0049      0.0056  
SUM[13]                        1.909    0.044    0.0049      0.0056  
SUM[26]                        1.909    0.043    0.0049      0.0056  
SUM[15]                        1.909    0.043    0.0049      0.0056  
SUM[21]                        1.909    0.042    0.0048      0.0056  
SUM[29]                        1.909    0.043    0.0048      0.0056  
SUM[28]                        1.909    0.043    0.0047      0.0055  
n622                          42.787    0.001    0.0002      0.0052  
n518                           4.035    0.984    0.0019      0.0046  
STARTC                        36.745    0.001    0.0002      0.0045  
SIPO[2]                        3.782    0.015    0.0019      0.0043  
n321                           1.438    0.027    0.0034      0.0030  
n761                          44.961    0.999    0.73e-4     0.0020  
n758                          15.884    0.002    0.0002      0.0019  
n517                           4.035    0.993    0.0008      0.0019  
SIPO[3]                        3.782    0.007    0.0008      0.0018  
n320                           1.438    0.011    0.0014      0.0012  
n855                          25.547    0.999    0.73e-4     0.0011  
n516                           4.035    0.996    0.0004      0.0011  
SIPO[4]                        3.782    0.004    0.0005      0.0010  
n515                           4.035    0.998    0.0002      0.0006  
n319                           1.438    0.006    0.0007      0.0006  
SIPO[5]                        3.782    0.002    0.0002      0.0006  
n869                           3.998    0.999    0.0002      0.0005  
n318                           1.438    0.004    0.0004      0.0003  
n802                           3.888    0.999    0.0001      0.0003  
n776                           3.888    0.999    0.0001      0.0003  
n782                           3.888    1.000    0.0001      0.0003  
n796                           3.888    0.999    0.0001      0.0003  
n808                           3.888    0.999    0.0001      0.0003  
n514                           4.035    0.999    0.0001      0.0003  
SIPO[6]                        3.782    0.001    0.0001      0.0003  
n812                           3.888    1.000    0.0001      0.0003  
n766                           3.888    0.999    0.0001      0.0003  
n772                           3.888    0.999    0.0001      0.0003  
n778                           3.888    0.999    0.0001      0.0003  
n780                           3.888    0.999    0.0001      0.0003  
n788                           3.888    0.999    0.0001      0.0003  
n790                           3.888    0.999    0.0001      0.0003  
n792                           3.888    0.999    0.0001      0.0003  
n804                           3.888    0.999    0.0001      0.0003  
n806                           3.888    0.999    0.0001      0.0003  
n816                           3.888    1.000    0.0001      0.0003  
n818                           3.888    0.999    0.0001      0.0003  
n764                           3.888    1.000    0.0001      0.0002  
n768                           3.888    0.999    0.0001      0.0002  
n770                           3.888    0.999    0.0001      0.0002  
n774                           3.888    0.999    0.0001      0.0002  
n786                           3.888    0.999    0.0001      0.0002  
n810                           3.888    0.999    0.0001      0.0002  
n820                           3.888    1.000    0.0001      0.0002  
n798                           3.888    0.999    0.98e-4     0.0002  
n800                           3.888    0.999    0.98e-4     0.0002  
n762                           3.888    1.000    0.92e-4     0.0002  
n784                           3.888    1.000    0.92e-4     0.0002  
n794                           3.888    0.999    0.92e-4     0.0002  
n814                           3.888    0.999    0.92e-4     0.0002  
SIPO[7]                        3.782    0.001    0.85e-4     0.0002  
n513                           4.035    0.999    0.79e-4     0.0002  
n759                           3.926    1.000    0.79e-4     0.0002  
n822                           1.940    0.999    0.0001      0.0002  
n229                           1.438    0.001    0.0002      0.0002  
n317                           1.438    0.002    0.0002      0.0002  
SIPO[8]                        3.782    0.001    0.67e-4     0.0002  
n512                           4.035    0.999    0.61e-4     0.0001  
SIPO[9]                        3.782    0.001    0.61e-4     0.0001  
SIPO[10]                       3.782    0.000    0.61e-4     0.0001  
SIPO[11]                       3.782    0.000    0.61e-4     0.0001  
n191                           1.879    0.999    0.0001      0.0001  
n509                           4.035    0.999    0.55e-4     0.0001  
n510                           4.035    0.999    0.55e-4     0.0001  
n511                           4.035    0.999    0.55e-4     0.0001  
n238                           1.438    0.001    0.0001      0.0001  
SIPO[12]                       3.782    0.000    0.55e-4     0.0001  
SIPO[13]                       3.782    0.000    0.55e-4     0.0001  
SIPO[14]                       3.782    0.000    0.55e-4     0.0001  
SIPO[15]                       3.782    0.000    0.55e-4     0.0001  
SIPO[16]                       3.782    0.000    0.55e-4     0.0001  
SIPO[17]                       3.782    0.000    0.55e-4     0.0001  
SIPO[18]                       3.782    0.000    0.55e-4     0.0001  
SIPO[19]                       3.782    0.000    0.55e-4     0.0001  
SIPO[20]                       3.782    0.000    0.55e-4     0.0001  
SIPO[21]                       3.782    0.000    0.55e-4     0.0001  
SIPO[22]                       3.782    0.000    0.55e-4     0.0001  
SIPO[23]                       3.782    0.000    0.55e-4     0.0001  
SIPO[24]                       3.782    0.000    0.55e-4     0.0001  
SIPO[25]                       3.782    0.000    0.55e-4     0.0001  
SIPO[26]                       3.782    0.000    0.55e-4     0.0001  
SIPO[27]                       3.782    0.000    0.55e-4     0.0001  
SIPO[28]                       3.782    0.000    0.55e-4     0.0001  
SIPO[29]                       3.782    0.000    0.55e-4     0.0001  
SIPO[30]                       3.782    0.000    0.55e-4     0.0001  
n236                           1.438    0.001    0.0001      0.0001  
n767                           1.940    1.000    0.0001      0.0001  
n491                           4.035    0.999    0.49e-4     0.0001  
n492                           4.035    0.999    0.49e-4     0.0001  
n493                           4.035    0.999    0.49e-4     0.0001  
n494                           4.035    0.999    0.49e-4     0.0001  
n495                           4.035    0.999    0.49e-4     0.0001  
n496                           4.035    0.999    0.49e-4     0.0001  
n497                           4.035    0.999    0.49e-4     0.0001  
n498                           4.035    0.999    0.49e-4     0.0001  
n499                           4.035    0.999    0.49e-4     0.0001  
n500                           4.035    0.999    0.49e-4     0.0001  
n501                           4.035    0.999    0.49e-4     0.0001  
n502                           4.035    0.999    0.49e-4     0.0001  
n503                           4.035    0.999    0.49e-4     0.0001  
n504                           4.035    0.999    0.49e-4     0.0001  
n505                           4.035    0.999    0.49e-4     0.0001  
n506                           4.035    0.999    0.49e-4     0.0001  
n507                           4.035    0.999    0.49e-4     0.0001  
n508                           4.035    0.999    0.49e-4     0.0001  
n239                           1.438    0.001    0.0001      0.0001  
n252                           1.438    0.001    0.0001      0.0001  
n777                           1.940    1.000    0.98e-4     0.0001  
n230                           1.438    0.001    0.0001      0.0001  
n257                           1.438    0.001    0.0001      0.0001  
n783                           1.940    1.000    0.92e-4     0.0001  
n797                           1.940    1.000    0.92e-4     0.0001  
n803                           1.940    1.000    0.92e-4     0.0001  
n805                           1.940    1.000    0.92e-4     0.0001  
n249                           1.438    0.001    0.0001      0.0001  
n234                           1.438    0.001    0.0001      0.0001  
n243                           1.438    0.001    0.0001      0.0001  
n245                           1.438    0.001    0.0001      0.0001  
n250                           1.438    0.001    0.0001      0.0001  
n253                           1.438    0.001    0.0001      0.0001  
n254                           1.438    0.001    0.0001      0.0001  
n771                           1.940    1.000    0.85e-4     0.0001  
n773                           1.940    1.000    0.85e-4     0.0001  
n809                           1.940    1.000    0.85e-4     0.0001  
n821                           1.940    1.000    0.85e-4     0.0001  
n231                           1.438    0.001    0.0001   9.558e-05  
n235                           1.438    0.001    0.0001   9.558e-05  
n237                           1.438    0.001    0.0001   9.558e-05  
n241                           1.438    0.001    0.0001   9.558e-05  
n246                           1.438    0.001    0.0001   9.558e-05  
n248                           1.438    0.001    0.0001   9.558e-05  
n251                           1.438    0.001    0.0001   9.558e-05  
n255                           1.438    0.001    0.0001   9.558e-05  
n258                           1.438    0.001    0.0001   9.558e-05  
n765                           1.940    1.000    0.79e-4  9.313e-05  
n775                           1.940    1.000    0.79e-4  9.313e-05  
n791                           1.940    1.000    0.79e-4  9.313e-05  
n795                           1.940    1.000    0.79e-4  9.313e-05  
SHIFTC                         1.257    0.001    0.0001   9.280e-05  
n242                           1.438    0.001    0.0001   9.027e-05  
n247                           1.438    0.001    0.0001   9.027e-05  
n760                           1.980    1.000    0.73e-4  8.776e-05  
n787                           1.940    1.000    0.73e-4  8.596e-05  
n789                           1.940    1.000    0.73e-4  8.596e-05  
n799                           1.940    1.000    0.73e-4  8.596e-05  
n813                           1.940    1.000    0.73e-4  8.596e-05  
n232                           1.438    0.001    0.98e-4  8.496e-05  
n233                           1.438    0.001    0.98e-4  8.496e-05  
n244                           1.438    0.001    0.98e-4  8.496e-05  
n316                           1.438    0.001    0.98e-4  8.496e-05  
n240                           1.438    0.001    0.92e-4  7.965e-05  
n256                           1.438    0.001    0.92e-4  7.965e-05  
n779                           1.940    1.000    0.67e-4  7.880e-05  
n781                           1.940    1.000    0.67e-4  7.880e-05  
n793                           1.940    1.000    0.67e-4  7.880e-05  
n817                           1.940    1.000    0.67e-4  7.880e-05  
n769                           1.940    1.000    0.61e-4  7.164e-05  
n807                           1.940    1.000    0.61e-4  7.164e-05  
n819                           1.940    1.000    0.61e-4  7.164e-05  
n763                           1.940    1.000    0.55e-4  6.447e-05  
n785                           1.940    1.000    0.55e-4  6.447e-05  
n811                           1.940    1.000    0.55e-4  6.447e-05  
n260                           1.438    0.000    0.73e-4  6.372e-05  
n259                           1.438    0.000    0.67e-4  5.841e-05  
n315                           1.438    0.001    0.67e-4  5.841e-05  
n490                           1.975    0.999    0.49e-4  5.835e-05  
n801                           1.940    1.000    0.49e-4  5.731e-05  
n815                           1.940    1.000    0.43e-4  5.014e-05  
n311                           1.438    0.001    0.55e-4  4.779e-05  
n312                           1.438    0.001    0.55e-4  4.779e-05  
n313                           1.438    0.001    0.55e-4  4.779e-05  
n314                           1.438    0.001    0.55e-4  4.779e-05  
n293                           1.438    0.001    0.49e-4  4.248e-05  
n294                           1.438    0.001    0.49e-4  4.248e-05  
n295                           1.438    0.001    0.49e-4  4.248e-05  
n296                           1.438    0.001    0.49e-4  4.248e-05  
n297                           1.438    0.001    0.49e-4  4.248e-05  
n298                           1.438    0.001    0.49e-4  4.248e-05  
n299                           1.438    0.001    0.49e-4  4.248e-05  
n300                           1.438    0.001    0.49e-4  4.248e-05  
n301                           1.438    0.001    0.49e-4  4.248e-05  
n302                           1.438    0.001    0.49e-4  4.248e-05  
n303                           1.438    0.001    0.49e-4  4.248e-05  
n304                           1.438    0.001    0.49e-4  4.248e-05  
n305                           1.438    0.001    0.49e-4  4.248e-05  
n306                           1.438    0.001    0.49e-4  4.248e-05  
n307                           1.438    0.001    0.49e-4  4.248e-05  
n308                           1.438    0.001    0.49e-4  4.248e-05  
n309                           1.438    0.001    0.49e-4  4.248e-05  
n310                           1.438    0.001    0.49e-4  4.248e-05  
C                              0.310    0.001    0.0001   2.173e-05  
n658                           0.000    0.000    0.0000      0.0000  d
--------------------------------------------------------------------------------
Total (374 nets)                                            11.9092 uW
1
